<testsuite tests="3">
    <testcase classname="foo1" name="Test 1"/>
    <testcase classname="foo2" name="Test 2"/>
    <testcase classname="foo3" name="Test 3"/>
</testsuite>
